2024-11-05 16:36:28.624Z INFO  c.m.a.a.i.c.ConfigurationBuilder - Some telemetry may be sampled out because a default sampling configuration was added in version 3.4.0 to reduce the default billing cost. You can set the sampling configuration explicitly: https://learn.microsoft.com/azure/azure-monitor/app/java-standalone-config#sampling
2024-11-05 16:36:28.659Z ERROR c.m.applicationinsights.agent - 
*************************
Application Insights Java Agent 3.5.4 startup failed (PID 37691)
*************************

Description:
No connection string provided

Action:
Please provide connection string: https://go.microsoft.com/fwlink/?linkid=2153358

2024-11-05 16:51:54.457Z INFO  c.m.a.a.i.c.ConfigurationBuilder - Some telemetry may be sampled out because a default sampling configuration was added in version 3.4.0 to reduce the default billing cost. You can set the sampling configuration explicitly: https://learn.microsoft.com/azure/azure-monitor/app/java-standalone-config#sampling
2024-11-05 16:51:54.508Z ERROR c.m.applicationinsights.agent - 
*************************
Application Insights Java Agent 3.5.4 startup failed (PID 38563)
*************************

Description:
No connection string provided

Action:
Please provide connection string: https://go.microsoft.com/fwlink/?linkid=2153358

2024-11-05 18:17:56.264Z INFO  c.m.a.a.i.c.ConfigurationBuilder - Some telemetry may be sampled out because a default sampling configuration was added in version 3.4.0 to reduce the default billing cost. You can set the sampling configuration explicitly: https://learn.microsoft.com/azure/azure-monitor/app/java-standalone-config#sampling
2024-11-05 18:17:56.300Z ERROR c.m.applicationinsights.agent - 
*************************
Application Insights Java Agent 3.5.4 startup failed (PID 42715)
*************************

Description:
No connection string provided

Action:
Please provide connection string: https://go.microsoft.com/fwlink/?linkid=2153358

2024-11-05 18:18:24.559Z INFO  c.m.a.a.i.c.ConfigurationBuilder - Some telemetry may be sampled out because a default sampling configuration was added in version 3.4.0 to reduce the default billing cost. You can set the sampling configuration explicitly: https://learn.microsoft.com/azure/azure-monitor/app/java-standalone-config#sampling
2024-11-05 18:18:24.595Z ERROR c.m.applicationinsights.agent - 
*************************
Application Insights Java Agent 3.5.4 startup failed (PID 42804)
*************************

Description:
No connection string provided

Action:
Please provide connection string: https://go.microsoft.com/fwlink/?linkid=2153358

2024-11-07 13:01:44.394Z INFO  c.m.a.a.i.c.ConfigurationBuilder - Some telemetry may be sampled out because a default sampling configuration was added in version 3.4.0 to reduce the default billing cost. You can set the sampling configuration explicitly: https://learn.microsoft.com/azure/azure-monitor/app/java-standalone-config#sampling
2024-11-07 13:01:44.427Z ERROR c.m.applicationinsights.agent - 
*************************
Application Insights Java Agent 3.5.4 startup failed (PID 99892)
*************************

Description:
No connection string provided

Action:
Please provide connection string: https://go.microsoft.com/fwlink/?linkid=2153358

2024-11-07 14:42:38.739Z INFO  c.m.a.a.i.c.ConfigurationBuilder - Some telemetry may be sampled out because a default sampling configuration was added in version 3.4.0 to reduce the default billing cost. You can set the sampling configuration explicitly: https://learn.microsoft.com/azure/azure-monitor/app/java-standalone-config#sampling
2024-11-07 14:42:38.773Z ERROR c.m.applicationinsights.agent - 
*************************
Application Insights Java Agent 3.5.4 startup failed (PID 4910)
*************************

Description:
No connection string provided

Action:
Please provide connection string: https://go.microsoft.com/fwlink/?linkid=2153358

2024-11-07 14:51:40.262Z INFO  c.m.a.a.i.c.ConfigurationBuilder - Some telemetry may be sampled out because a default sampling configuration was added in version 3.4.0 to reduce the default billing cost. You can set the sampling configuration explicitly: https://learn.microsoft.com/azure/azure-monitor/app/java-standalone-config#sampling
2024-11-07 14:51:40.294Z ERROR c.m.applicationinsights.agent - 
*************************
Application Insights Java Agent 3.5.4 startup failed (PID 5513)
*************************

Description:
No connection string provided

Action:
Please provide connection string: https://go.microsoft.com/fwlink/?linkid=2153358

2024-11-07 14:56:34.665Z INFO  c.m.a.a.i.c.ConfigurationBuilder - Some telemetry may be sampled out because a default sampling configuration was added in version 3.4.0 to reduce the default billing cost. You can set the sampling configuration explicitly: https://learn.microsoft.com/azure/azure-monitor/app/java-standalone-config#sampling
2024-11-07 14:56:34.704Z ERROR c.m.applicationinsights.agent - 
*************************
Application Insights Java Agent 3.5.4 startup failed (PID 5861)
*************************

Description:
No connection string provided

Action:
Please provide connection string: https://go.microsoft.com/fwlink/?linkid=2153358

2024-11-08 14:44:51.553Z INFO  c.m.a.a.i.c.ConfigurationBuilder - Some telemetry may be sampled out because a default sampling configuration was added in version 3.4.0 to reduce the default billing cost. You can set the sampling configuration explicitly: https://learn.microsoft.com/azure/azure-monitor/app/java-standalone-config#sampling
2024-11-08 14:44:51.585Z ERROR c.m.applicationinsights.agent - 
*************************
Application Insights Java Agent 3.5.4 startup failed (PID 32866)
*************************

Description:
No connection string provided

Action:
Please provide connection string: https://go.microsoft.com/fwlink/?linkid=2153358

2024-11-08 14:52:56.683Z INFO  c.m.a.a.i.c.ConfigurationBuilder - Some telemetry may be sampled out because a default sampling configuration was added in version 3.4.0 to reduce the default billing cost. You can set the sampling configuration explicitly: https://learn.microsoft.com/azure/azure-monitor/app/java-standalone-config#sampling
2024-11-08 14:52:56.719Z ERROR c.m.applicationinsights.agent - 
*************************
Application Insights Java Agent 3.5.4 startup failed (PID 33399)
*************************

Description:
No connection string provided

Action:
Please provide connection string: https://go.microsoft.com/fwlink/?linkid=2153358

2024-11-08 14:55:05.611Z INFO  c.m.a.a.i.c.ConfigurationBuilder - Some telemetry may be sampled out because a default sampling configuration was added in version 3.4.0 to reduce the default billing cost. You can set the sampling configuration explicitly: https://learn.microsoft.com/azure/azure-monitor/app/java-standalone-config#sampling
2024-11-08 14:55:05.643Z ERROR c.m.applicationinsights.agent - 
*************************
Application Insights Java Agent 3.5.4 startup failed (PID 33521)
*************************

Description:
No connection string provided

Action:
Please provide connection string: https://go.microsoft.com/fwlink/?linkid=2153358

2024-11-08 14:55:28.350Z INFO  c.m.a.a.i.c.ConfigurationBuilder - Some telemetry may be sampled out because a default sampling configuration was added in version 3.4.0 to reduce the default billing cost. You can set the sampling configuration explicitly: https://learn.microsoft.com/azure/azure-monitor/app/java-standalone-config#sampling
2024-11-08 14:55:28.386Z ERROR c.m.applicationinsights.agent - 
*************************
Application Insights Java Agent 3.5.4 startup failed (PID 33546)
*************************

Description:
No connection string provided

Action:
Please provide connection string: https://go.microsoft.com/fwlink/?linkid=2153358

2024-11-11 11:50:06.348Z INFO  c.m.a.a.i.c.ConfigurationBuilder - Some telemetry may be sampled out because a default sampling configuration was added in version 3.4.0 to reduce the default billing cost. You can set the sampling configuration explicitly: https://learn.microsoft.com/azure/azure-monitor/app/java-standalone-config#sampling
2024-11-11 11:50:06.380Z ERROR c.m.applicationinsights.agent - 
*************************
Application Insights Java Agent 3.5.4 startup failed (PID 44710)
*************************

Description:
No connection string provided

Action:
Please provide connection string: https://go.microsoft.com/fwlink/?linkid=2153358

2024-11-11 11:53:05.879Z INFO  c.m.a.a.i.c.ConfigurationBuilder - Some telemetry may be sampled out because a default sampling configuration was added in version 3.4.0 to reduce the default billing cost. You can set the sampling configuration explicitly: https://learn.microsoft.com/azure/azure-monitor/app/java-standalone-config#sampling
2024-11-11 11:53:05.915Z ERROR c.m.applicationinsights.agent - 
*************************
Application Insights Java Agent 3.5.4 startup failed (PID 44891)
*************************

Description:
No connection string provided

Action:
Please provide connection string: https://go.microsoft.com/fwlink/?linkid=2153358

2024-11-11 11:59:11.926Z INFO  c.m.a.a.i.c.ConfigurationBuilder - Some telemetry may be sampled out because a default sampling configuration was added in version 3.4.0 to reduce the default billing cost. You can set the sampling configuration explicitly: https://learn.microsoft.com/azure/azure-monitor/app/java-standalone-config#sampling
2024-11-11 11:59:11.958Z ERROR c.m.applicationinsights.agent - 
*************************
Application Insights Java Agent 3.5.4 startup failed (PID 45190)
*************************

Description:
No connection string provided

Action:
Please provide connection string: https://go.microsoft.com/fwlink/?linkid=2153358

2024-11-11 13:00:23.092Z INFO  c.m.a.a.i.c.ConfigurationBuilder - Some telemetry may be sampled out because a default sampling configuration was added in version 3.4.0 to reduce the default billing cost. You can set the sampling configuration explicitly: https://learn.microsoft.com/azure/azure-monitor/app/java-standalone-config#sampling
2024-11-11 13:00:23.124Z ERROR c.m.applicationinsights.agent - 
*************************
Application Insights Java Agent 3.5.4 startup failed (PID 48084)
*************************

Description:
No connection string provided

Action:
Please provide connection string: https://go.microsoft.com/fwlink/?linkid=2153358

2024-11-11 13:04:28.945Z INFO  c.m.a.a.i.c.ConfigurationBuilder - Some telemetry may be sampled out because a default sampling configuration was added in version 3.4.0 to reduce the default billing cost. You can set the sampling configuration explicitly: https://learn.microsoft.com/azure/azure-monitor/app/java-standalone-config#sampling
2024-11-11 13:04:28.987Z ERROR c.m.applicationinsights.agent - 
*************************
Application Insights Java Agent 3.5.4 startup failed (PID 48395)
*************************

Description:
No connection string provided

Action:
Please provide connection string: https://go.microsoft.com/fwlink/?linkid=2153358

2024-11-11 13:19:21.522Z INFO  c.m.a.a.i.c.ConfigurationBuilder - Some telemetry may be sampled out because a default sampling configuration was added in version 3.4.0 to reduce the default billing cost. You can set the sampling configuration explicitly: https://learn.microsoft.com/azure/azure-monitor/app/java-standalone-config#sampling
2024-11-11 13:19:21.559Z ERROR c.m.applicationinsights.agent - 
*************************
Application Insights Java Agent 3.5.4 startup failed (PID 49320)
*************************

Description:
No connection string provided

Action:
Please provide connection string: https://go.microsoft.com/fwlink/?linkid=2153358

2024-11-11 13:30:41.530Z INFO  c.m.a.a.i.c.ConfigurationBuilder - Some telemetry may be sampled out because a default sampling configuration was added in version 3.4.0 to reduce the default billing cost. You can set the sampling configuration explicitly: https://learn.microsoft.com/azure/azure-monitor/app/java-standalone-config#sampling
2024-11-11 13:30:41.571Z ERROR c.m.applicationinsights.agent - 
*************************
Application Insights Java Agent 3.5.4 startup failed (PID 49876)
*************************

Description:
No connection string provided

Action:
Please provide connection string: https://go.microsoft.com/fwlink/?linkid=2153358

2024-11-11 13:32:15.072Z INFO  c.m.a.a.i.c.ConfigurationBuilder - Some telemetry may be sampled out because a default sampling configuration was added in version 3.4.0 to reduce the default billing cost. You can set the sampling configuration explicitly: https://learn.microsoft.com/azure/azure-monitor/app/java-standalone-config#sampling
2024-11-11 13:32:15.111Z ERROR c.m.applicationinsights.agent - 
*************************
Application Insights Java Agent 3.5.4 startup failed (PID 49971)
*************************

Description:
No connection string provided

Action:
Please provide connection string: https://go.microsoft.com/fwlink/?linkid=2153358

2024-11-11 14:20:31.917Z INFO  c.m.a.a.i.c.ConfigurationBuilder - Some telemetry may be sampled out because a default sampling configuration was added in version 3.4.0 to reduce the default billing cost. You can set the sampling configuration explicitly: https://learn.microsoft.com/azure/azure-monitor/app/java-standalone-config#sampling
2024-11-11 14:20:31.951Z ERROR c.m.applicationinsights.agent - 
*************************
Application Insights Java Agent 3.5.4 startup failed (PID 52377)
*************************

Description:
No connection string provided

Action:
Please provide connection string: https://go.microsoft.com/fwlink/?linkid=2153358

2024-11-12 10:38:58.569Z INFO  c.m.a.a.i.c.ConfigurationBuilder - Some telemetry may be sampled out because a default sampling configuration was added in version 3.4.0 to reduce the default billing cost. You can set the sampling configuration explicitly: https://learn.microsoft.com/azure/azure-monitor/app/java-standalone-config#sampling
2024-11-12 10:38:58.603Z ERROR c.m.applicationinsights.agent - 
*************************
Application Insights Java Agent 3.5.4 startup failed (PID 64822)
*************************

Description:
No connection string provided

Action:
Please provide connection string: https://go.microsoft.com/fwlink/?linkid=2153358

2024-11-12 13:28:51.535Z INFO  c.m.a.a.i.c.ConfigurationBuilder - Some telemetry may be sampled out because a default sampling configuration was added in version 3.4.0 to reduce the default billing cost. You can set the sampling configuration explicitly: https://learn.microsoft.com/azure/azure-monitor/app/java-standalone-config#sampling
2024-11-12 13:28:51.571Z ERROR c.m.applicationinsights.agent - 
*************************
Application Insights Java Agent 3.5.4 startup failed (PID 73126)
*************************

Description:
No connection string provided

Action:
Please provide connection string: https://go.microsoft.com/fwlink/?linkid=2153358

2024-11-18 15:02:49.210Z INFO  c.m.a.a.i.c.ConfigurationBuilder - Some telemetry may be sampled out because a default sampling configuration was added in version 3.4.0 to reduce the default billing cost. You can set the sampling configuration explicitly: https://learn.microsoft.com/azure/azure-monitor/app/java-standalone-config#sampling
2024-11-18 15:02:49.252Z ERROR c.m.applicationinsights.agent - 
*************************
Application Insights Java Agent 3.5.4 startup failed (PID 98270)
*************************

Description:
No connection string provided

Action:
Please provide connection string: https://go.microsoft.com/fwlink/?linkid=2153358

2024-11-18 15:08:07.221Z INFO  c.m.a.a.i.c.ConfigurationBuilder - Some telemetry may be sampled out because a default sampling configuration was added in version 3.4.0 to reduce the default billing cost. You can set the sampling configuration explicitly: https://learn.microsoft.com/azure/azure-monitor/app/java-standalone-config#sampling
2024-11-18 15:08:07.256Z ERROR c.m.applicationinsights.agent - 
*************************
Application Insights Java Agent 3.5.4 startup failed (PID 98818)
*************************

Description:
No connection string provided

Action:
Please provide connection string: https://go.microsoft.com/fwlink/?linkid=2153358

2024-11-19 10:40:29.128Z INFO  c.m.a.a.i.c.ConfigurationBuilder - Some telemetry may be sampled out because a default sampling configuration was added in version 3.4.0 to reduce the default billing cost. You can set the sampling configuration explicitly: https://learn.microsoft.com/azure/azure-monitor/app/java-standalone-config#sampling
2024-11-19 10:40:29.165Z ERROR c.m.applicationinsights.agent - 
*************************
Application Insights Java Agent 3.5.4 startup failed (PID 9726)
*************************

Description:
No connection string provided

Action:
Please provide connection string: https://go.microsoft.com/fwlink/?linkid=2153358

